This file contains any messages produced by compilers while
running configure, to aid debugging if configure makes a mistake.

configure:549: checking for gcc
configure:626: checking whether the C compiler (gcc  ) works
configure:640: gcc -o conftest    conftest.c  1>&5
configure:637:1: warning: type specifier missing, defaults to 'int' [-Wimplicit-int]
main(){return(0);}
^
1 warning generated.
configure:660: checking whether the C compiler (gcc  ) is a cross-compiler
configure:665: checking whether we are using GNU C
configure:674: gcc -E conftest.c
configure:689: checking whether gcc accepts -g
configure:718: checking for gcc option to accept ANSI C
configure:752: gcc  -c -g -O2  conftest.c 1>&5
configure:772: checking how to run the C preprocessor
configure:793: gcc -E  conftest.c >/dev/null 2>conftest.out
configure:836: checking for function prototypes
configure:991: checking for working const
configure:1045: gcc -c -g -O2  conftest.c 1>&5
configure:1095: checking for a BSD compatible install
configure:1147: checking for tparm in -lncurses
configure:1166: gcc -o conftest -g -O2   conftest.c -lncurses   1>&5
configure:1229: checking for readline in -lreadline
configure:1248: gcc -o conftest -g -O2   conftest.c -lreadline   -lncurses 1>&5
configure:1265: checking for readline/readline.h
configure:1275: gcc -E  conftest.c >/dev/null 2>conftest.out
configure:1304: checking for string.h
configure:1314: gcc -E  conftest.c >/dev/null 2>conftest.out
configure:1338: checking for stdlib.h
configure:1348: gcc -E  conftest.c >/dev/null 2>conftest.out
configure:1372: checking for strchr
configure:1400: gcc -o conftest -g -O2   conftest.c  -lreadline -lncurses 1>&5
configure:1384:6: warning: incompatible redeclaration of library function 'strchr' [-Wincompatible-library-redeclaration]
char strchr();
     ^
configure:1384:6: note: 'strchr' is a builtin with type 'char *(const char *, int)'
1 warning generated.
configure:1421: checking for strspn
configure:1449: gcc -o conftest -g -O2   conftest.c  -lreadline -lncurses 1>&5
configure:1433:6: warning: incompatible redeclaration of library function 'strspn' [-Wincompatible-library-redeclaration]
char strspn();
     ^
configure:1433:6: note: 'strspn' is a builtin with type 'unsigned long (const char *, const char *)'
1 warning generated.
configure:1470: checking for strtok
configure:1498: gcc -o conftest -g -O2   conftest.c  -lreadline -lncurses 1>&5
configure:1482:6: warning: incompatible redeclaration of library function 'strtok' [-Wincompatible-library-redeclaration]
char strtok();
     ^
configure:1482:6: note: 'strtok' is a builtin with type 'char *(char *, const char *)'
1 warning generated.
